<?xml version="1.0" encoding="UTF-8"?>
<!-- Generated by org.testng.reporters.JUnitXMLReporter -->
<testsuite ignored="0" hostname="PC" failures="0" tests="8" name="Default test" time="0.093" errors="0" timestamp="2022-03-26T15:52:26 IST">
  <testcase classname="com.hyr.Tests.TestDependency" name="c" time="0.01"/>
  <testcase classname="com.hyr.Tests.TestDependency" name="d" time="0.002"/>
  <testcase classname="com.hyr.Tests.TestDependency" name="s" time="0.001"/>
  <testcase classname="com.hyr.Tests.TestDependency" name="t" time="0.001"/>
  <testcase classname="com.hyr.Tests.TestDependency" name="y" time="0.002"/>
  <testcase classname="com.hyr.Tests.TestDependency" name="a" time="0.003"/>
  <testcase classname="com.hyr.Tests.TestDependency" name="b" time="0.001"/>
  <testcase classname="com.hyr.Tests.TestDependency" name="x" time="0.002"/>
</testsuite> <!-- Default test -->
