<?xml version="1.0" encoding="UTF-8"?>
<!-- Generated by org.testng.reporters.JUnitXMLReporter -->
<testsuite ignored="0" hostname="PC" failures="0" tests="8" name="Test" time="0.158" errors="0" timestamp="2022-04-04T21:37:34 IST">
  <testcase classname="com.hyr.Tests.TestDependency" name="c" time="0.013"/>
  <testcase classname="com.hyr.Tests.TestDependency" name="d" time="0.004"/>
  <testcase classname="com.hyr.Tests.TestDependency" name="s" time="0.002"/>
  <testcase classname="com.hyr.Tests.TestDependency" name="t" time="0.005"/>
  <testcase classname="com.hyr.Tests.TestDependency" name="y" time="0.01"/>
  <testcase classname="com.hyr.Tests.TestDependency" name="a" time="0.009"/>
  <testcase classname="com.hyr.Tests.TestDependency" name="b" time="0.001"/>
  <testcase classname="com.hyr.Tests.TestDependency" name="x" time="0.004"/>
</testsuite> <!-- Test -->
