<?xml version="1.0" encoding="UTF-8"?>
<testng-results ignored="0" total="8" passed="8" failed="0" skipped="0">
  <reporter-output>
  </reporter-output>
  <suite started-at="2022-04-04T21:37:33 IST" name="Suite" finished-at="2022-04-04T21:37:34 IST" duration-ms="158">
    <groups>
    </groups>
    <test started-at="2022-04-04T21:37:33 IST" name="Test" finished-at="2022-04-04T21:37:34 IST" duration-ms="158">
      <class name="com.hyr.Tests.TestDependency">
        <test-method signature="c()[pri:0, instance:com.hyr.Tests.TestDependency@1b6e1eff]" started-at="2022-04-04T21:37:33 IST" name="c" finished-at="2022-04-04T21:37:33 IST" duration-ms="13" status="PASS">
          <reporter-output>
          </reporter-output>
        </test-method> <!-- c -->
        <test-method signature="d()[pri:0, instance:com.hyr.Tests.TestDependency@1b6e1eff]" started-at="2022-04-04T21:37:33 IST" name="d" finished-at="2022-04-04T21:37:33 IST" duration-ms="4" status="PASS">
          <reporter-output>
          </reporter-output>
        </test-method> <!-- d -->
        <test-method signature="s()[pri:0, instance:com.hyr.Tests.TestDependency@1b6e1eff]" started-at="2022-04-04T21:37:33 IST" name="s" finished-at="2022-04-04T21:37:33 IST" duration-ms="2" status="PASS">
          <reporter-output>
          </reporter-output>
        </test-method> <!-- s -->
        <test-method signature="t()[pri:0, instance:com.hyr.Tests.TestDependency@1b6e1eff]" started-at="2022-04-04T21:37:33 IST" name="t" finished-at="2022-04-04T21:37:33 IST" duration-ms="5" status="PASS">
          <reporter-output>
          </reporter-output>
        </test-method> <!-- t -->
        <test-method signature="y()[pri:0, instance:com.hyr.Tests.TestDependency@1b6e1eff]" started-at="2022-04-04T21:37:33 IST" name="y" finished-at="2022-04-04T21:37:33 IST" duration-ms="10" status="PASS">
          <reporter-output>
          </reporter-output>
        </test-method> <!-- y -->
        <test-method signature="a()[pri:0, instance:com.hyr.Tests.TestDependency@1b6e1eff]" started-at="2022-04-04T21:37:33 IST" name="a" finished-at="2022-04-04T21:37:34 IST" duration-ms="9" status="PASS">
          <reporter-output>
          </reporter-output>
        </test-method> <!-- a -->
        <test-method signature="b()[pri:0, instance:com.hyr.Tests.TestDependency@1b6e1eff]" started-at="2022-04-04T21:37:34 IST" name="b" finished-at="2022-04-04T21:37:34 IST" depends-on-methods="com.hyr.Tests.TestDependency.c" duration-ms="1" status="PASS">
          <reporter-output>
          </reporter-output>
        </test-method> <!-- b -->
        <test-method signature="x()[pri:0, instance:com.hyr.Tests.TestDependency@1b6e1eff]" started-at="2022-04-04T21:37:34 IST" name="x" finished-at="2022-04-04T21:37:34 IST" depends-on-methods="com.hyr.Tests.TestDependency.y" duration-ms="4" status="PASS">
          <reporter-output>
          </reporter-output>
        </test-method> <!-- x -->
      </class> <!-- com.hyr.Tests.TestDependency -->
    </test> <!-- Test -->
  </suite> <!-- Suite -->
</testng-results>
